-------------------------------------------------------------------------------
Test set: test.com.ContactusTest
-------------------------------------------------------------------------------
Tests run: 1, Failures: 1, Errors: 0, Skipped: 0, Time elapsed: 18.472 sec <<< FAILURE!
hover(test.com.ContactusTest)  Time elapsed: 0.006 sec  <<< FAILURE!
java.lang.RuntimeException: Uncompilable code - incompatible types: org.openqa.selenium.interactions.Action cannot be converted to java.awt.Desktop.Action
	at test.com.ContactusTest.hover(ContactusTest.java:1)

